<?xml version="1.0" encoding="UTF-8"?>
<coverage generated="1759922975766" clover="3.2.0">
  <project timestamp="1759922975767" name="All files">
    <metrics statements="20" coveredstatements="20" conditionals="6" coveredconditionals="5" methods="10" coveredmethods="10" elements="36" coveredelements="35" complexity="0" loc="20" ncloc="20" packages="1" files="1" classes="1"/>
    <file name="TodoList.jsx" path="C:\Users\selam mulugeta\Desktop\Alx_Front_end\alx-fe-reactjs\react-todo\src\components\TodoList.jsx">
      <metrics statements="20" coveredstatements="20" conditionals="6" coveredconditionals="5" methods="10" coveredmethods="10"/>
      <line num="4" count="1" type="stmt"/>
      <line num="9" count="1" type="stmt"/>
      <line num="10" count="20" type="stmt"/>
      <line num="11" count="20" type="stmt"/>
      <line num="13" count="20" type="stmt"/>
      <line num="14" count="1" type="stmt"/>
      <line num="15" count="1" type="cond" truecount="1" falsecount="1"/>
      <line num="17" count="1" type="stmt"/>
      <line num="22" count="1" type="stmt"/>
      <line num="23" count="1" type="stmt"/>
      <line num="26" count="20" type="stmt"/>
      <line num="27" count="1" type="stmt"/>
      <line num="29" count="2" type="cond" truecount="2" falsecount="0"/>
      <line num="34" count="20" type="stmt"/>
      <line num="35" count="2" type="stmt"/>
      <line num="38" count="20" type="stmt"/>
      <line num="47" count="13" type="stmt"/>
      <line num="60" count="40" type="stmt"/>
      <line num="65" count="1" type="stmt"/>
      <line num="74" count="1" type="stmt"/>
    </file>
  </project>
</coverage>
