{"C:\\Users\\selam mulugeta\\Desktop\\Alx_Front_end\\alx-fe-reactjs\\react-todo\\src\\components\\TodoList.jsx": {"path":"C:\\Users\\selam mulugeta\\Desktop\\Alx_Front_end\\alx-fe-reactjs\\react-todo\\src\\components\\TodoList.jsx","statementMap":{"0":{"start":{"line":4,"column":21},"end":{"line":7,"column":1}},"1":{"start":{"line":9,"column":17},"end":{"line":84,"column":1}},"2":{"start":{"line":10,"column":28},"end":{"line":10,"column":50}},"3":{"start":{"line":11,"column":32},"end":{"line":11,"column":44}},"4":{"start":{"line":13,"column":18},"end":{"line":24,"column":3}},"5":{"start":{"line":14,"column":4},"end":{"line":14,"column":23}},"6":{"start":{"line":15,"column":4},"end":{"line":15,"column":32}},"7":{"start":{"line":15,"column":25},"end":{"line":15,"column":32}},"8":{"start":{"line":17,"column":17},"end":{"line":21,"column":5}},"9":{"start":{"line":22,"column":4},"end":{"line":22,"column":31}},"10":{"start":{"line":23,"column":4},"end":{"line":23,"column":19}},"11":{"start":{"line":26,"column":21},"end":{"line":32,"column":3}},"12":{"start":{"line":27,"column":4},"end":{"line":31,"column":6}},"13":{"start":{"line":29,"column":8},"end":{"line":29,"column":71}},"14":{"start":{"line":34,"column":21},"end":{"line":36,"column":3}},"15":{"start":{"line":35,"column":4},"end":{"line":35,"column":53}},"16":{"start":{"line":35,"column":36},"end":{"line":35,"column":50}},"17":{"start":{"line":38,"column":2},"end":{"line":83,"column":4}},"18":{"start":{"line":47,"column":27},"end":{"line":47,"column":53}},"19":{"start":{"line":60,"column":10},"end":{"line":79,"column":15}},"20":{"start":{"line":65,"column":29},"end":{"line":65,"column":48}},"21":{"start":{"line":74,"column":29},"end":{"line":74,"column":48}}},"fnMap":{"0":{"name":"(anonymous_0)","decl":{"start":{"line":9,"column":17},"end":{"line":9,"column":18}},"loc":{"start":{"line":9,"column":23},"end":{"line":84,"column":1}},"line":9},"1":{"name":"(anonymous_1)","decl":{"start":{"line":13,"column":18},"end":{"line":13,"column":19}},"loc":{"start":{"line":13,"column":25},"end":{"line":24,"column":3}},"line":13},"2":{"name":"(anonymous_2)","decl":{"start":{"line":26,"column":21},"end":{"line":26,"column":22}},"loc":{"start":{"line":26,"column":29},"end":{"line":32,"column":3}},"line":26},"3":{"name":"(anonymous_3)","decl":{"start":{"line":28,"column":16},"end":{"line":28,"column":17}},"loc":{"start":{"line":29,"column":8},"end":{"line":29,"column":71}},"line":29},"4":{"name":"(anonymous_4)","decl":{"start":{"line":34,"column":21},"end":{"line":34,"column":22}},"loc":{"start":{"line":34,"column":29},"end":{"line":36,"column":3}},"line":34},"5":{"name":"(anonymous_5)","decl":{"start":{"line":35,"column":26},"end":{"line":35,"column":27}},"loc":{"start":{"line":35,"column":36},"end":{"line":35,"column":50}},"line":35},"6":{"name":"(anonymous_6)","decl":{"start":{"line":47,"column":20},"end":{"line":47,"column":21}},"loc":{"start":{"line":47,"column":27},"end":{"line":47,"column":53}},"line":47},"7":{"name":"(anonymous_7)","decl":{"start":{"line":59,"column":19},"end":{"line":59,"column":20}},"loc":{"start":{"line":60,"column":10},"end":{"line":79,"column":15}},"line":60},"8":{"name":"(anonymous_8)","decl":{"start":{"line":65,"column":23},"end":{"line":65,"column":24}},"loc":{"start":{"line":65,"column":29},"end":{"line":65,"column":48}},"line":65},"9":{"name":"(anonymous_9)","decl":{"start":{"line":74,"column":23},"end":{"line":74,"column":24}},"loc":{"start":{"line":74,"column":29},"end":{"line":74,"column":48}},"line":74}},"branchMap":{"0":{"loc":{"start":{"line":15,"column":4},"end":{"line":15,"column":32}},"type":"if","locations":[{"start":{"line":15,"column":4},"end":{"line":15,"column":32}},{"start":{},"end":{}}],"line":15},"1":{"loc":{"start":{"line":29,"column":8},"end":{"line":29,"column":71}},"type":"cond-expr","locations":[{"start":{"line":29,"column":25},"end":{"line":29,"column":64}},{"start":{"line":29,"column":67},"end":{"line":29,"column":71}}],"line":29},"2":{"loc":{"start":{"line":67,"column":32},"end":{"line":67,"column":72}},"type":"cond-expr","locations":[{"start":{"line":67,"column":49},"end":{"line":67,"column":63}},{"start":{"line":67,"column":66},"end":{"line":67,"column":72}}],"line":67}},"s":{"0":1,"1":1,"2":20,"3":20,"4":20,"5":1,"6":1,"7":0,"8":1,"9":1,"10":1,"11":20,"12":1,"13":2,"14":20,"15":1,"16":2,"17":20,"18":13,"19":40,"20":1,"21":1},"f":{"0":20,"1":1,"2":1,"3":2,"4":1,"5":2,"6":13,"7":40,"8":1,"9":1},"b":{"0":[0,1],"1":[1,1],"2":[20,20]},"_coverageSchema":"1a1c01bbd47fc00a2c39e90264f33305004495a9","hash":"a4f38a2b63c752d19b7c4e8b3d77bfe141aa4429"}
}
