TN:
SF:src\components\TodoList.jsx
FN:9,(anonymous_0)
FN:13,(anonymous_1)
FN:26,(anonymous_2)
FN:28,(anonymous_3)
FN:34,(anonymous_4)
FN:35,(anonymous_5)
FN:47,(anonymous_6)
FN:59,(anonymous_7)
FN:65,(anonymous_8)
FN:74,(anonymous_9)
FNF:10
FNH:10
FNDA:20,(anonymous_0)
FNDA:1,(anonymous_1)
FNDA:1,(anonymous_2)
FNDA:2,(anonymous_3)
FNDA:1,(anonymous_4)
FNDA:2,(anonymous_5)
FNDA:13,(anonymous_6)
FNDA:40,(anonymous_7)
FNDA:1,(anonymous_8)
FNDA:1,(anonymous_9)
DA:4,1
DA:9,1
DA:10,20
DA:11,20
DA:13,20
DA:14,1
DA:15,1
DA:17,1
DA:22,1
DA:23,1
DA:26,20
DA:27,1
DA:29,2
DA:34,20
DA:35,2
DA:38,20
DA:47,13
DA:60,40
DA:65,1
DA:74,1
LF:20
LH:20
BRDA:15,0,0,0
BRDA:15,0,1,1
BRDA:29,1,0,1
BRDA:29,1,1,1
BRDA:67,2,0,20
BRDA:67,2,1,20
BRF:6
BRH:5
end_of_record
